Fri Oct 16 12:49:57 CEST 2020 : Apache Derby Network Server - 10.11.1.2 - (1629631) started and ready to accept connections on port 1527
----------------------------------------------------------------
Fri Oct 16 12:49:57 CEST 2020:
Booting Derby version The Apache Software Foundation - Apache Derby - 10.11.1.2 - (1629631): instance a816c00e-0175-3107-cde5-ffffef2895db 
on database directory C:\Users\Ephrem\Documents\NetBeansProjects\Mekonnen2\DELIVERY2DB with class loader sun.misc.Launcher$AppClassLoader@6f94fa3e 
Loaded from file:/C:/Program%20Files/Java/jdk1.8.0_111/db/lib/derby.jar
java.vendor=Oracle Corporation
java.runtime.version=1.8.0_111-b14
user.dir=C:\Program Files\Java\jdk1.8.0_111\db
os.name=Windows 10
os.arch=amd64
os.version=10.0
derby.system.home=C:\Users\Ephrem\Documents\NetBeansProjects\Mekonnen2
Database Class Loader started - derby.database.classpath=''
----------------------------------------------------------------
Fri Oct 16 13:02:48 CEST 2020: Shutting down Derby engine
----------------------------------------------------------------
Fri Oct 16 13:02:48 CEST 2020:
Shutting down instance a816c00e-0175-3107-cde5-ffffef2895db on database directory C:\Users\Ephrem\Documents\NetBeansProjects\Mekonnen2\DELIVERY2DB with class loader sun.misc.Launcher$AppClassLoader@6f94fa3e 
----------------------------------------------------------------
